{"C:\\Users\\pradi\\Downloads\\sandeep-lodhi-codecov-demo-69a09d32493b\\sandeep-lodhi-codecov-demo-69a09d32493b\\frontend\\src\\App.tsx": {"path":"C:\\Users\\pradi\\Downloads\\sandeep-lodhi-codecov-demo-69a09d32493b\\sandeep-lodhi-codecov-demo-69a09d32493b\\frontend\\src\\App.tsx","statementMap":{"0":{"start":{"line":4,"column":12},"end":{"line":10,"column":1}},"1":{"start":{"line":5,"column":2},"end":{"line":9,"column":4}}},"fnMap":{"0":{"name":"(anonymous_0)","decl":{"start":{"line":4,"column":12},"end":{"line":4,"column":13}},"loc":{"start":{"line":4,"column":18},"end":{"line":10,"column":1}},"line":4}},"branchMap":{},"s":{"0":1,"1":1},"f":{"0":1},"b":{},"_coverageSchema":"1a1c01bbd47fc00a2c39e90264f33305004495a9","hash":"17844a3cfafbaca5ecd995cf0eff639d48fdc1f9"}
,"C:\\Users\\pradi\\Downloads\\sandeep-lodhi-codecov-demo-69a09d32493b\\sandeep-lodhi-codecov-demo-69a09d32493b\\frontend\\src\\components\\HealthCheck.tsx": {"path":"C:\\Users\\pradi\\Downloads\\sandeep-lodhi-codecov-demo-69a09d32493b\\sandeep-lodhi-codecov-demo-69a09d32493b\\frontend\\src\\components\\HealthCheck.tsx","statementMap":{"0":{"start":{"line":3,"column":20},"end":{"line":25,"column":1}},"1":{"start":{"line":4,"column":30},"end":{"line":4,"column":50}},"2":{"start":{"line":6,"column":2},"end":{"line":18,"column":9}},"3":{"start":{"line":7,"column":24},"end":{"line":15,"column":5}},"4":{"start":{"line":8,"column":6},"end":{"line":14,"column":7}},"5":{"start":{"line":9,"column":25},"end":{"line":9,"column":72}},"6":{"start":{"line":10,"column":21},"end":{"line":10,"column":42}},"7":{"start":{"line":11,"column":8},"end":{"line":11,"column":32}},"8":{"start":{"line":13,"column":8},"end":{"line":13,"column":50}},"9":{"start":{"line":17,"column":4},"end":{"line":17,"column":18}},"10":{"start":{"line":20,"column":2},"end":{"line":24,"column":4}}},"fnMap":{"0":{"name":"(anonymous_0)","decl":{"start":{"line":3,"column":20},"end":{"line":3,"column":21}},"loc":{"start":{"line":3,"column":26},"end":{"line":25,"column":1}},"line":3},"1":{"name":"(anonymous_1)","decl":{"start":{"line":6,"column":12},"end":{"line":6,"column":13}},"loc":{"start":{"line":6,"column":18},"end":{"line":18,"column":3}},"line":6},"2":{"name":"(anonymous_2)","decl":{"start":{"line":7,"column":24},"end":{"line":7,"column":25}},"loc":{"start":{"line":7,"column":36},"end":{"line":15,"column":5}},"line":7}},"branchMap":{},"s":{"0":2,"1":5,"2":5,"3":3,"4":3,"5":3,"6":1,"7":1,"8":1,"9":3,"10":5},"f":{"0":5,"1":3,"2":3},"b":{},"_coverageSchema":"1a1c01bbd47fc00a2c39e90264f33305004495a9","hash":"4dee9eb5af163f9d5fce6b84d8009a6345e3b48d"}
}
