<?xml version="1.0" encoding="UTF-8"?>
<coverage generated="1734522979038" clover="3.2.0">
  <project timestamp="1734522979038" name="All files">
    <metrics statements="11" coveredstatements="9" conditionals="2" coveredconditionals="1" methods="2" coveredmethods="1" elements="15" coveredelements="11" complexity="0" loc="11" ncloc="11" packages="1" files="1" classes="1"/>
    <file name="server.js" path="C:\Users\pradi\Downloads\sandeep-lodhi-codecov-demo-69a09d32493b\sandeep-lodhi-codecov-demo-69a09d32493b\backend\server.js">
      <metrics statements="11" coveredstatements="9" conditionals="2" coveredconditionals="1" methods="2" coveredmethods="1"/>
      <line num="1" count="1" type="stmt"/>
      <line num="2" count="1" type="stmt"/>
      <line num="3" count="1" type="stmt"/>
      <line num="6" count="1" type="stmt"/>
      <line num="9" count="1" type="stmt"/>
      <line num="10" count="1" type="stmt"/>
      <line num="11" count="1" type="stmt"/>
      <line num="15" count="1" type="cond" truecount="1" falsecount="1"/>
      <line num="16" count="0" type="stmt"/>
      <line num="17" count="0" type="stmt"/>
      <line num="22" count="1" type="stmt"/>
    </file>
  </project>
</coverage>
